<?xml version="1.0" encoding="UTF-8"?>
<!-- Generated by org.testng.reporters.JUnitXMLReporter -->
<testsuite hostname="DESKTOP-GJ67TUH" ignored="0" name="Default test" tests="5" failures="0" timestamp="25 Oct 2017 18:54:10 GMT" time="68.474" errors="0">
  <testcase name="Verify_User_is_able_to_click_ShopNow_button" time="14.215" classname="Maven.automation_project.Smoke.HomePageTest"/>
  <testcase name="Verify_all_Prices_of_Homepage_Products_are_Correct" time="1.24" classname="Maven.automation_project.Smoke.HomePageTest"/>
  <testcase name="Verify_User_is_able_to_Make_an_Enquiry" time="10.027" classname="Maven.automation_project.Smoke.HomePageTest"/>
  <testcase name="Verify_User_is_able_to_do_Order" time="24.319" classname="Maven.automation_project.Smoke.HomePageTest"/>
  <testcase name="Verify_Discounted_product_price_on_homepage" time="0.238" classname="Maven.automation_project.Smoke.HomePageTest"/>
</testsuite> <!-- Default test -->
