<?xml version="1.0" encoding="UTF-8"?>
<!-- Generated by org.testng.reporters.JUnitXMLReporter -->
<testsuite hostname="DESKTOP-GJ67TUH" ignored="0" name="Login" tests="7" failures="1" timestamp="30 Oct 2017 17:44:41 GMT" time="40.303" errors="0">
  <testcase name="Verify_User_is_Able_to_Login_With_Valid_Credentials" time="8.554" classname="Maven.automation_project.Smoke.LoginTest"/>
  <testcase name="Verify_User_is_not_Able_to_Login_With_Blank_Credentials" time="1.464" classname="Maven.automation_project.Smoke.LoginTest"/>
  <testcase name="Verify_User_is_not_Able_to_Login_With_Blank_Password" time="1.656" classname="Maven.automation_project.Smoke.LoginTest"/>
  <testcase name="Verify_User_is_not_Able_to_Login_With_Invalid_EmailAddress" time="2.112" classname="Maven.automation_project.Smoke.LoginTest"/>
  <testcase name="Verify_User_is_not_Able_to_Login_With_Invalid_Password" time="1.671" classname="Maven.automation_project.Smoke.LoginTest">
    <skipped/>
  </testcase> <!-- Verify_User_is_not_Able_to_Login_With_Invalid_Password -->
  <testcase name="Verify_User_is_not_Able_to_Login_With_Invalid_Password" time="1.939" classname="Maven.automation_project.Smoke.LoginTest">
    <skipped/>
  </testcase> <!-- Verify_User_is_not_Able_to_Login_With_Invalid_Password -->
  <testcase name="Verify_User_is_not_Able_to_Login_With_Invalid_Password" time="1.805" classname="Maven.automation_project.Smoke.LoginTest">
    <failure type="java.lang.AssertionError" message="expected [Invali password.] but found [Invalid password.]">
      <![CDATA[java.lang.AssertionError: expected [Invali password.] but found [Invalid password.]
	at Maven.automation_project.Pages.LoginPage.login_invalid_pass(LoginPage.java:106)
	at Maven.automation_project.Smoke.LoginTest.Verify_User_is_not_Able_to_Login_With_Invalid_Password(LoginTest.java:70)
... Removed 34 stack frames]]>
    </failure>
  </testcase> <!-- Verify_User_is_not_Able_to_Login_With_Invalid_Password -->
</testsuite> <!-- Login -->
