<?xml version="1.0" encoding="UTF-8"?>
<!-- Generated by org.testng.reporters.JUnitXMLReporter -->
<testsuite hostname="DESKTOP-GJ67TUH" ignored="0" name="Registration Test" tests="2" failures="0" timestamp="30 Oct 2017 17:45:15 GMT" time="33.793" errors="0">
  <testcase name="Verify_User_is_able_Register_as_New_User" time="12.067" classname="Maven.automation_project.Smoke.RegistrationTest"/>
  <testcase name="Verify_User_is_not_able_to_Register_with_Already_Regitered_Email" time="3.012" classname="Maven.automation_project.Smoke.RegistrationTest"/>
</testsuite> <!-- Registration Test -->
