<?xml version="1.0" encoding="UTF-8"?>
<testsuite xmlns:xsi="http://www.w3.org/2001/XMLSchema-instance" xsi:noNamespaceSchemaLocation="https://maven.apache.org/surefire/maven-surefire-plugin/xsd/surefire-test-report.xsd" name="TestSuite" time="75.705" tests="9" errors="0" skipped="2" failures="1">
  <properties>
[...]
</properties>
  <testcase name="Verify_User_is_Able_to_Login_With_Valid_Credentials" classname="Maven.automation_project.Smoke.LoginTest" time="8.638"/>
  <testcase name="Verify_User_is_not_Able_to_Login_With_Blank_Credentials" classname="Maven.automation_project.Smoke.LoginTest" time="1.463"/>
  <testcase name="Verify_User_is_not_Able_to_Login_With_Blank_Password" classname="Maven.automation_project.Smoke.LoginTest" time="1.657"/>
  <testcase name="Verify_User_is_not_Able_to_Login_With_Invalid_EmailAddress" classname="Maven.automation_project.Smoke.LoginTest" time="2.112"/>
  <testcase name="Verify_User_is_not_Able_to_Login_With_Invalid_Password" classname="Maven.automation_project.Smoke.LoginTest" time="0">
    <skipped message="expected [Invali password.] but found [Invalid password.]"/>
  </testcase>
  <testcase name="Verify_User_is_not_Able_to_Login_With_Invalid_Password" classname="Maven.automation_project.Smoke.LoginTest" time="0">
    <skipped message="expected [Invali password.] but found [Invalid password.]"/>
  </testcase>
  <testcase name="Verify_User_is_not_Able_to_Login_With_Invalid_Password" classname="Maven.automation_project.Smoke.LoginTest" time="1.822">
    <failure message="expected [Invali password.] but found [Invalid password.]" type="java.lang.AssertionError">java.lang.AssertionError: expected [Invali password.] but found [Invalid password.]
	at Maven.automation_project.Smoke.LoginTest.Verify_User_is_not_Able_to_Login_With_Invalid_Password(LoginTest.java:70)
</failure>
  </testcase>
  <testcase name="Verify_User_is_able_Register_as_New_User" classname="Maven.automation_project.Smoke.RegistrationTest" time="12.071"/>
  <testcase name="Verify_User_is_not_able_to_Register_with_Already_Regitered_Email" classname="Maven.automation_project.Smoke.RegistrationTest" time="3.009"/>
</testsuite>