<?xml version="1.0" encoding="UTF-8"?>
<testsuite xmlns:xsi="http://www.w3.org/2001/XMLSchema-instance" xsi:noNamespaceSchemaLocation="https://maven.apache.org/surefire/maven-surefire-plugin/xsd/surefire-test-report.xsd" name="TestSuite" time="75.705" tests="9" errors="0" skipped="2" failures="1">
  <properties>
    <property name="java.runtime.name" value="Java(TM) SE Runtime Environment"/>
    <property name="sun.boot.library.path" value="C:\Program Files\Java\jdk1.8.0_144\jre\bin"/>
    <property name="java.vm.version" value="25.144-b01"/>
    <property name="java.vm.vendor" value="Oracle Corporation"/>
    <property name="maven.multiModuleProjectDirectory" value="E:\Framework\automation_project"/>
    <property name="java.vendor.url" value="http://java.oracle.com/"/>
    <property name="path.separator" value=";"/>
    <property name="guice.disable.misplaced.annotation.check" value="true"/>
    <property name="java.vm.name" value="Java HotSpot(TM) 64-Bit Server VM"/>
    <property name="file.encoding.pkg" value="sun.io"/>
    <property name="user.script" value=""/>
    <property name="user.country" value="US"/>
    <property name="sun.java.launcher" value="SUN_STANDARD"/>
    <property name="sun.os.patch.level" value=""/>
    <property name="java.vm.specification.name" value="Java Virtual Machine Specification"/>
    <property name="user.dir" value="E:\Framework\automation_project"/>
    <property name="java.runtime.version" value="1.8.0_144-b01"/>
    <property name="java.awt.graphicsenv" value="sun.awt.Win32GraphicsEnvironment"/>
    <property name="java.endorsed.dirs" value="C:\Program Files\Java\jdk1.8.0_144\jre\lib\endorsed"/>
    <property name="os.arch" value="amd64"/>
    <property name="java.io.tmpdir" value="C:\Users\dell\AppData\Local\Temp\"/>
    <property name="line.separator" value="&#10;"/>
    <property name="java.vm.specification.vendor" value="Oracle Corporation"/>
    <property name="user.variant" value=""/>
    <property name="os.name" value="Windows 10"/>
    <property name="classworlds.conf" value="E:\setups\apache-maven-3.5.0\bin\..\bin\m2.conf"/>
    <property name="sun.jnu.encoding" value="Cp1252"/>
    <property name="java.library.path" value="C:\Program Files\Java\jdk1.8.0_144\bin;C:\Windows\Sun\Java\bin;C:\Windows\system32;C:\Windows;C:/Program Files/Java/jdk1.8.0_144/bin;C:\ProgramData\Oracle\Java\javapath;C:\Program Files\Java\jre1.8.0_144\bin;C:\Program Files\Java\jdk1.8.0_144\bin;E:\Framework\automation_project;C:\Users\dell\.m2\repository\Maven;E:\setups\apache-maven-3.5.0\bin;C:\Users\dell\scoop\apps\scoop\current\bin;E:\setups\allure-2.4.1\bin;C:\Program Files\Java\jre1.8.0_144;C:\Users\dell\scoop\shims;C:\Program Files\Java\jre1.8.0_144;E:\setups\apache-maven-3.5.0\bin;C:\Program Files\Java\jdk1.8.0_144\bin;C:\Users\dell\.jenkins;."/>
    <property name="maven.conf" value="E:\setups\apache-maven-3.5.0\bin\../conf"/>
    <property name="java.specification.name" value="Java Platform API Specification"/>
    <property name="java.class.version" value="52.0"/>
    <property name="sun.management.compiler" value="HotSpot 64-Bit Tiered Compilers"/>
    <property name="os.version" value="10.0"/>
    <property name="library.jansi.path" value="E:\setups\apache-maven-3.5.0\bin\..\lib\jansi-native\windows64"/>
    <property name="surefire.suiteXmlFiles" value="test.xml"/>
    <property name="user.home" value="C:\Users\dell"/>
    <property name="user.timezone" value="Asia/Calcutta"/>
    <property name="java.awt.printerjob" value="sun.awt.windows.WPrinterJob"/>
    <property name="java.specification.version" value="1.8"/>
    <property name="file.encoding" value="Cp1252"/>
    <property name="user.name" value="dell"/>
    <property name="java.class.path" value="E:\setups\apache-maven-3.5.0\bin\..\boot\plexus-classworlds-2.5.2.jar"/>
    <property name="java.vm.specification.version" value="1.8"/>
    <property name="sun.arch.data.model" value="64"/>
    <property name="java.home" value="C:\Program Files\Java\jdk1.8.0_144\jre"/>
    <property name="sun.java.command" value="org.codehaus.plexus.classworlds.launcher.Launcher clean test -Dsurefire.suiteXmlFiles=test.xml"/>
    <property name="java.specification.vendor" value="Oracle Corporation"/>
    <property name="user.language" value="en"/>
    <property name="awt.toolkit" value="sun.awt.windows.WToolkit"/>
    <property name="java.vm.info" value="mixed mode"/>
    <property name="java.version" value="1.8.0_144"/>
    <property name="java.ext.dirs" value="C:\Program Files\Java\jdk1.8.0_144\jre\lib\ext;C:\Windows\Sun\Java\lib\ext"/>
    <property name="sun.boot.class.path" value="C:\Program Files\Java\jdk1.8.0_144\jre\lib\resources.jar;C:\Program Files\Java\jdk1.8.0_144\jre\lib\rt.jar;C:\Program Files\Java\jdk1.8.0_144\jre\lib\sunrsasign.jar;C:\Program Files\Java\jdk1.8.0_144\jre\lib\jsse.jar;C:\Program Files\Java\jdk1.8.0_144\jre\lib\jce.jar;C:\Program Files\Java\jdk1.8.0_144\jre\lib\charsets.jar;C:\Program Files\Java\jdk1.8.0_144\jre\lib\jfr.jar;C:\Program Files\Java\jdk1.8.0_144\jre\classes"/>
    <property name="java.vendor" value="Oracle Corporation"/>
    <property name="maven.home" value="E:\setups\apache-maven-3.5.0\bin\.."/>
    <property name="file.separator" value="\"/>
    <property name="java.vendor.url.bug" value="http://bugreport.sun.com/bugreport/"/>
    <property name="sun.cpu.endian" value="little"/>
    <property name="sun.io.unicode.encoding" value="UnicodeLittle"/>
    <property name="sun.desktop" value="windows"/>
    <property name="sun.cpu.isalist" value="amd64"/>
  </properties>
  <testcase name="Verify_User_is_Able_to_Login_With_Valid_Credentials" classname="Maven.automation_project.Smoke.LoginTest" time="8.638"/>
  <testcase name="Verify_User_is_not_Able_to_Login_With_Blank_Credentials" classname="Maven.automation_project.Smoke.LoginTest" time="1.463"/>
  <testcase name="Verify_User_is_not_Able_to_Login_With_Blank_Password" classname="Maven.automation_project.Smoke.LoginTest" time="1.657"/>
  <testcase name="Verify_User_is_not_Able_to_Login_With_Invalid_EmailAddress" classname="Maven.automation_project.Smoke.LoginTest" time="2.112"/>
  <testcase name="Verify_User_is_not_Able_to_Login_With_Invalid_Password" classname="Maven.automation_project.Smoke.LoginTest" time="0">
    <skipped message="expected [Invali password.] but found [Invalid password.]"/>
  </testcase>
  <testcase name="Verify_User_is_not_Able_to_Login_With_Invalid_Password" classname="Maven.automation_project.Smoke.LoginTest" time="0">
    <skipped message="expected [Invali password.] but found [Invalid password.]"/>
  </testcase>
  <testcase name="Verify_User_is_not_Able_to_Login_With_Invalid_Password" classname="Maven.automation_project.Smoke.LoginTest" time="1.822">
    <failure message="expected [Invali password.] but found [Invalid password.]" type="java.lang.AssertionError">java.lang.AssertionError: expected [Invali password.] but found [Invalid password.]
	at Maven.automation_project.Smoke.LoginTest.Verify_User_is_not_Able_to_Login_With_Invalid_Password(LoginTest.java:70)
</failure>
  </testcase>
  <testcase name="Verify_User_is_able_Register_as_New_User" classname="Maven.automation_project.Smoke.RegistrationTest" time="12.071"/>
  <testcase name="Verify_User_is_not_able_to_Register_with_Already_Regitered_Email" classname="Maven.automation_project.Smoke.RegistrationTest" time="3.009"/>
</testsuite>