<?xml version="1.0" encoding="UTF-8"?>
<!-- Generated by org.testng.reporters.JUnitXMLReporter -->
<testsuite hostname="DESKTOP-GJ67TUH" ignored="0" name="Enquiry Order Test" tests="5" failures="0" timestamp="29 Oct 2017 09:17:29 GMT" time="78.699" errors="0">
  <testcase name="Verify_User_is_able_to_click_ShopNow_button" time="18.154" classname="Maven.automation_project.Smoke.HomePageTest"/>
  <testcase name="Verify_all_Prices_of_Homepage_Products_are_Correct" time="0.795" classname="Maven.automation_project.Smoke.HomePageTest"/>
  <testcase name="Verify_User_is_able_to_Make_an_Enquiry" time="12.061" classname="Maven.automation_project.Smoke.HomePageTest"/>
  <testcase name="Verify_User_is_able_to_do_Order" time="27.796" classname="Maven.automation_project.Smoke.HomePageTest"/>
  <testcase name="Verify_Discounted_product_price_on_homepage" time="0.179" classname="Maven.automation_project.Smoke.HomePageTest"/>
</testsuite> <!-- Enquiry Order Test -->
