<?xml version="1.0" encoding="UTF-8"?>
<!-- Generated by org.testng.reporters.JUnitXMLReporter -->
<testsuite hostname="DESKTOP-GJ67TUH" ignored="0" name="Login" tests="7" failures="1" timestamp="30 Oct 2017 16:19:46 GMT" time="49.312" errors="0">
  <testcase name="Verify_User_is_Able_to_Login_With_Valid_Credentials" time="9.143" classname="Maven.automation_project.Smoke.LoginTest"/>
  <testcase name="Verify_User_is_not_Able_to_Login_With_Blank_Credentials" time="1.47" classname="Maven.automation_project.Smoke.LoginTest"/>
  <testcase name="Verify_User_is_not_Able_to_Login_With_Blank_Password" time="1.471" classname="Maven.automation_project.Smoke.LoginTest"/>
  <testcase name="Verify_User_is_not_Able_to_Login_With_Invalid_EmailAddress" time="1.581" classname="Maven.automation_project.Smoke.LoginTest"/>
  <testcase name="Verify_User_is_not_Able_to_Login_With_Invalid_Password" time="2.013" classname="Maven.automation_project.Smoke.LoginTest">
    <skipped/>
  </testcase> <!-- Verify_User_is_not_Able_to_Login_With_Invalid_Password -->
  <testcase name="Verify_User_is_not_Able_to_Login_With_Invalid_Password" time="2.133" classname="Maven.automation_project.Smoke.LoginTest">
    <skipped/>
  </testcase> <!-- Verify_User_is_not_Able_to_Login_With_Invalid_Password -->
  <testcase name="Verify_User_is_not_Able_to_Login_With_Invalid_Password" time="1.932" classname="Maven.automation_project.Smoke.LoginTest">
    <failure type="java.lang.AssertionError" message="expected [Invali password.] but found [Invalid password.]">
      <![CDATA[java.lang.AssertionError: expected [Invali password.] but found [Invalid password.]
	at Maven.automation_project.Pages.LoginPage.login_invalid_pass(LoginPage.java:106)
	at Maven.automation_project.Smoke.LoginTest.Verify_User_is_not_Able_to_Login_With_Invalid_Password(LoginTest.java:70)
... Removed 31 stack frames]]>
    </failure>
  </testcase> <!-- Verify_User_is_not_Able_to_Login_With_Invalid_Password -->
</testsuite> <!-- Login -->
