<?xml version="1.0" encoding="UTF-8"?>
<!-- Generated by org.testng.reporters.JUnitXMLReporter -->
<testsuite hostname="DESKTOP-GJ67TUH" ignored="0" name="Login" tests="5" failures="0" timestamp="17 Oct 2017 17:46:24 GMT" time="45.43" errors="0">
  <testcase name="accountLoginmethod" time="8.817" classname="Maven.automation_project.Smoke.LoginTest"/>
  <testcase name="accountLogin_blank_error" time="1.886" classname="Maven.automation_project.Smoke.LoginTest"/>
  <testcase name="accountLogin_blank_passwd" time="1.862" classname="Maven.automation_project.Smoke.LoginTest"/>
  <testcase name="accountLogin_wrong_email" time="2.252" classname="Maven.automation_project.Smoke.LoginTest"/>
  <testcase name="accountLogin_passd_wrong" time="14.154" classname="Maven.automation_project.Smoke.LoginTest"/>
</testsuite> <!-- Login -->
