<?xml version="1.0" encoding="UTF-8"?>
<!-- Generated by org.testng.reporters.JUnitXMLReporter -->
<testsuite hostname="DESKTOP-GJ67TUH" ignored="0" name="RegistrationTest" tests="2" failures="0" timestamp="17 Oct 2017 17:47:15 GMT" time="51.34" errors="0">
  <testcase name="registrationmethod" time="17.743" classname="Maven.automation_project.Smoke.RegistrationTest"/>
  <testcase name="regitration_with_regitered_email" time="7.462" classname="Maven.automation_project.Smoke.RegistrationTest"/>
</testsuite> <!-- RegistrationTest -->
